# JRE version: OpenJDK Runtime Environment (11.0.2+9) (build 11.0.2+9)
# Java VM: OpenJDK 64-Bit Server VM (11.0.2+9, mixed mode, tiered, compressed oops, g1 gc, windows-amd64)
Heap:
 garbage-first heap   total 342016K, used 158136K [0x0000000740000000, 0x0000000800000000)
  region size 1024K, 21 young (21504K), 1 survivors (1024K)
 Metaspace       used 101331K, capacity 102957K, committed 106832K, reserved 1140736K
  class space    used 13111K, capacity 13779K, committed 15104K, reserved 1048576K
GC Heap History (10 events):
Event: 3568.979 GC heap before
{Heap before GC invocations=1537 (full 686):
 garbage-first heap   total 342016K, used 198709K [0x0000000740000000, 0x0000000800000000)
  region size 1024K, 60 young (61440K), 1 survivors (1024K)
 Metaspace       used 101330K, capacity 102957K, committed 106832K, reserved 1140736K
  class space    used 13111K, capacity 13779K, committed 15104K, reserved 1048576K
}
Event: 3568.980 GC heap after
{Heap after GC invocations=1538 (full 686):
 garbage-first heap   total 342016K, used 138365K [0x0000000740000000, 0x0000000800000000)
  region size 1024K, 1 young (1024K), 1 survivors (1024K)
 Metaspace       used 101330K, capacity 102957K, committed 106832K, reserved 1140736K
  class space    used 13111K, capacity 13779K, committed 15104K, reserved 1048576K
}
Event: 3569.565 GC heap before
{Heap before GC invocations=1538 (full 686):
 garbage-first heap   total 342016K, used 198781K [0x0000000740000000, 0x0000000800000000)
  region size 1024K, 60 young (61440K), 1 survivors (1024K)
 Metaspace       used 101331K, capacity 102957K, committed 106832K, reserved 1140736K
  class space    used 13111K, capacity 13779K, committed 15104K, reserved 1048576K
}
Event: 3569.566 GC heap after
{Heap after GC invocations=1539 (full 686):
 garbage-first heap   total 342016K, used 138517K [0x0000000740000000, 0x0000000800000000)
  region size 1024K, 1 young (1024K), 1 survivors (1024K)
 Metaspace       used 101331K, capacity 102957K, committed 106832K, reserved 1140736K
  class space    used 13111K, capacity 13779K, committed 15104K, reserved 1048576K
}
Event: 3569.797 GC heap before
{Heap before GC invocations=1539 (full 686):
 garbage-first heap   total 342016K, used 198933K [0x0000000740000000, 0x0000000800000000)
  region size 1024K, 60 young (61440K), 1 survivors (1024K)
 Metaspace       used 101331K, capacity 102957K, committed 106832K, reserved 1140736K
  class space    used 13111K, capacity 13779K, committed 15104K, reserved 1048576K
}
Event: 3569.798 GC heap after
{Heap after GC invocations=1540 (full 686):
 garbage-first heap   total 342016K, used 138367K [0x0000000740000000, 0x0000000800000000)
  region size 1024K, 1 young (1024K), 1 survivors (1024K)
 Metaspace       used 101331K, capacity 102957K, committed 106832K, reserved 1140736K
  class space    used 13111K, capacity 13779K, committed 15104K, reserved 1048576K
}
Event: 3569.984 GC heap before
{Heap before GC invocations=1540 (full 686):
 garbage-first heap   total 342016K, used 198783K [0x0000000740000000, 0x0000000800000000)
  region size 1024K, 60 young (61440K), 1 survivors (1024K)
 Metaspace       used 101331K, capacity 102957K, committed 106832K, reserved 1140736K
  class space    used 13111K, capacity 13779K, committed 15104K, reserved 1048576K
}
Event: 3569.985 GC heap after
{Heap after GC invocations=1541 (full 686):
 garbage-first heap   total 342016K, used 138518K [0x0000000740000000, 0x0000000800000000)
  region size 1024K, 1 young (1024K), 1 survivors (1024K)
 Metaspace       used 101331K, capacity 102957K, committed 106832K, reserved 1140736K
  class space    used 13111K, capacity 13779K, committed 15104K, reserved 1048576K
}
Event: 3570.840 GC heap before
{Heap before GC invocations=1541 (full 686):
 garbage-first heap   total 342016K, used 197910K [0x0000000740000000, 0x0000000800000000)
  region size 1024K, 60 young (61440K), 1 survivors (1024K)
 Metaspace       used 101331K, capacity 102957K, committed 106832K, reserved 1140736K
  class space    used 13111K, capacity 13779K, committed 15104K, reserved 1048576K
}
Event: 3570.842 GC heap after
{Heap after GC invocations=1542 (full 686):
 garbage-first heap   total 342016K, used 138680K [0x0000000740000000, 0x0000000800000000)
  region size 1024K, 1 young (1024K), 1 survivors (1024K)
 Metaspace       used 101331K, capacity 102957K, committed 106832K, reserved 1140736K
  class space    used 13111K, capacity 13779K, committed 15104K, reserved 1048576K
}

